{"total": {"lines":{"total":36,"covered":36,"skipped":0,"pct":100},"statements":{"total":37,"covered":37,"skipped":0,"pct":100},"functions":{"total":3,"covered":3,"skipped":0,"pct":100},"branches":{"total":51,"covered":49,"skipped":0,"pct":96.08}}
,"/builds/codsen/codsen/packages/lerna-clean-changelogs/dist/lerna-clean-changelogs.esm.js": {"lines":{"total":36,"covered":36,"skipped":0,"pct":100},"functions":{"total":3,"covered":3,"skipped":0,"pct":100},"statements":{"total":37,"covered":37,"skipped":0,"pct":100},"branches":{"total":51,"covered":49,"skipped":0,"pct":96.08}}
}
