{"total": {"lines":{"total":32,"covered":30,"skipped":0,"pct":93.75},"statements":{"total":34,"covered":32,"skipped":0,"pct":94.12},"functions":{"total":6,"covered":6,"skipped":0,"pct":100},"branches":{"total":33,"covered":30,"skipped":0,"pct":90.91}}
,"/Users/royston/Documents/__PROJECTS/____libs2/packages/array-pull-all-with-glob/dist/array-pull-all-with-glob.esm.js": {"lines":{"total":32,"covered":30,"skipped":0,"pct":93.75},"functions":{"total":6,"covered":6,"skipped":0,"pct":100},"statements":{"total":34,"covered":32,"skipped":0,"pct":94.12},"branches":{"total":33,"covered":30,"skipped":0,"pct":90.91}}
}
