{"total": {"lines":{"total":66,"covered":66,"skipped":0,"pct":100},"statements":{"total":73,"covered":73,"skipped":0,"pct":100},"functions":{"total":9,"covered":9,"skipped":0,"pct":100},"branches":{"total":77,"covered":75,"skipped":0,"pct":97.4}}
,"/builds/codsen/codsen/packages/string-convert-indexes/dist/string-convert-indexes.esm.js": {"lines":{"total":66,"covered":66,"skipped":0,"pct":100},"functions":{"total":9,"covered":9,"skipped":0,"pct":100},"statements":{"total":73,"covered":73,"skipped":0,"pct":100},"branches":{"total":77,"covered":75,"skipped":0,"pct":97.4}}
}
