{"total": {"lines":{"total":68,"covered":55,"skipped":0,"pct":80.88},"statements":{"total":71,"covered":58,"skipped":0,"pct":81.69},"functions":{"total":4,"covered":3,"skipped":0,"pct":75},"branches":{"total":127,"covered":118,"skipped":0,"pct":92.91}}
,"/builds/codsen/codsen/packages/string-range-expander/dist/string-range-expander.esm.js": {"lines":{"total":68,"covered":55,"skipped":0,"pct":80.88},"functions":{"total":4,"covered":3,"skipped":0,"pct":75},"statements":{"total":71,"covered":58,"skipped":0,"pct":81.69},"branches":{"total":127,"covered":118,"skipped":0,"pct":92.91}}
}
