{"total": {"lines":{"total":232,"covered":222,"skipped":0,"pct":95.69},"statements":{"total":244,"covered":234,"skipped":0,"pct":95.9},"functions":{"total":24,"covered":24,"skipped":0,"pct":100},"branches":{"total":279,"covered":263,"skipped":0,"pct":94.27}}
,"/builds/codsen/codsen/packages/json-variables/dist/json-variables.esm.js": {"lines":{"total":232,"covered":222,"skipped":0,"pct":95.69},"functions":{"total":24,"covered":24,"skipped":0,"pct":100},"statements":{"total":244,"covered":234,"skipped":0,"pct":95.9},"branches":{"total":279,"covered":263,"skipped":0,"pct":94.27}}
}
