{"total": {"lines":{"total":31,"covered":31,"skipped":0,"pct":100},"statements":{"total":31,"covered":31,"skipped":0,"pct":100},"functions":{"total":5,"covered":5,"skipped":0,"pct":100},"branches":{"total":30,"covered":29,"skipped":0,"pct":96.67}}
,"/builds/codsen/codsen/packages/ast-get-values-by-key/dist/ast-get-values-by-key.esm.js": {"lines":{"total":31,"covered":31,"skipped":0,"pct":100},"functions":{"total":5,"covered":5,"skipped":0,"pct":100},"statements":{"total":31,"covered":31,"skipped":0,"pct":100},"branches":{"total":30,"covered":29,"skipped":0,"pct":96.67}}
}
