{"total": {"lines":{"total":140,"covered":140,"skipped":0,"pct":100},"statements":{"total":148,"covered":148,"skipped":0,"pct":100},"functions":{"total":13,"covered":13,"skipped":0,"pct":100},"branches":{"total":165,"covered":156,"skipped":0,"pct":94.55}}
,"/builds/codsen/codsen/packages/string-find-heads-tails/dist/string-find-heads-tails.esm.js": {"lines":{"total":140,"covered":140,"skipped":0,"pct":100},"functions":{"total":13,"covered":13,"skipped":0,"pct":100},"statements":{"total":148,"covered":148,"skipped":0,"pct":100},"branches":{"total":165,"covered":156,"skipped":0,"pct":94.55}}
}
