{"total": {"lines":{"total":29,"covered":29,"skipped":0,"pct":100},"statements":{"total":29,"covered":29,"skipped":0,"pct":100},"functions":{"total":1,"covered":1,"skipped":0,"pct":100},"branches":{"total":34,"covered":34,"skipped":0,"pct":100}}
,"/Users/royston/Documents/__PROJECTS/____libs2/packages/string-overlap-one-on-another/dist/string-overlap-one-on-another.esm.js": {"lines":{"total":29,"covered":29,"skipped":0,"pct":100},"functions":{"total":1,"covered":1,"skipped":0,"pct":100},"statements":{"total":29,"covered":29,"skipped":0,"pct":100},"branches":{"total":34,"covered":34,"skipped":0,"pct":100}}
}
