{"total": {"lines":{"total":215,"covered":213,"skipped":0,"pct":99.07},"statements":{"total":215,"covered":213,"skipped":0,"pct":99.07},"functions":{"total":10,"covered":10,"skipped":0,"pct":100},"branches":{"total":326,"covered":318,"skipped":0,"pct":97.55}}
,"/Users/royston/Documents/__PROJECTS/____libs2/packages/edit-package-json/dist/edit-package-json.esm.js": {"lines":{"total":215,"covered":213,"skipped":0,"pct":99.07},"functions":{"total":10,"covered":10,"skipped":0,"pct":100},"statements":{"total":215,"covered":213,"skipped":0,"pct":99.07},"branches":{"total":326,"covered":318,"skipped":0,"pct":97.55}}
}
