{"total": {"lines":{"total":4,"covered":4,"skipped":0,"pct":100},"statements":{"total":57,"covered":57,"skipped":0,"pct":100},"functions":{"total":10,"covered":10,"skipped":0,"pct":100},"branches":{"total":294,"covered":288,"skipped":0,"pct":97.96}}
,"/Users/royston/Documents/__PROJECTS/____libs2/packages/edit-package-json/dist/edit-package-json.esm.js": {"lines":{"total":4,"covered":4,"skipped":0,"pct":100},"functions":{"total":10,"covered":10,"skipped":0,"pct":100},"statements":{"total":57,"covered":57,"skipped":0,"pct":100},"branches":{"total":294,"covered":288,"skipped":0,"pct":97.96}}
}
