{"total": {"lines":{"total":18,"covered":18,"skipped":0,"pct":100},"statements":{"total":417,"covered":409,"skipped":0,"pct":98.08},"functions":{"total":43,"covered":38,"skipped":0,"pct":88.37},"branches":{"total":961,"covered":909,"skipped":0,"pct":94.59}}
,"/Users/royston/Documents/__PROJECTS/____libs2/packages/email-comb/dist/email-comb.esm.js": {"lines":{"total":18,"covered":18,"skipped":0,"pct":100},"functions":{"total":43,"covered":38,"skipped":0,"pct":88.37},"statements":{"total":417,"covered":409,"skipped":0,"pct":98.08},"branches":{"total":961,"covered":909,"skipped":0,"pct":94.59}}
}
