{"total": {"lines":{"total":155,"covered":155,"skipped":0,"pct":100},"statements":{"total":179,"covered":179,"skipped":0,"pct":100},"functions":{"total":13,"covered":13,"skipped":0,"pct":100},"branches":{"total":105,"covered":103,"skipped":0,"pct":98.1}}
,"/Users/royston/Documents/__PROJECTS/____libs2/packages/easy-replace/dist/easy-replace.esm.js": {"lines":{"total":155,"covered":155,"skipped":0,"pct":100},"functions":{"total":13,"covered":13,"skipped":0,"pct":100},"statements":{"total":179,"covered":179,"skipped":0,"pct":100},"branches":{"total":105,"covered":103,"skipped":0,"pct":98.1}}
}
