{"total": {"lines":{"total":155,"covered":148,"skipped":0,"pct":95.48},"statements":{"total":164,"covered":157,"skipped":0,"pct":95.73},"functions":{"total":14,"covered":14,"skipped":0,"pct":100},"branches":{"total":279,"covered":260,"skipped":0,"pct":93.19}}
,"/builds/codsen/codsen/packages/is-html-attribute-closing/dist/is-html-attribute-closing.esm.js": {"lines":{"total":155,"covered":148,"skipped":0,"pct":95.48},"functions":{"total":14,"covered":14,"skipped":0,"pct":100},"statements":{"total":164,"covered":157,"skipped":0,"pct":95.73},"branches":{"total":279,"covered":260,"skipped":0,"pct":93.19}}
}
