{"total": {"lines":{"total":74,"covered":70,"skipped":0,"pct":94.59},"statements":{"total":78,"covered":74,"skipped":0,"pct":94.87},"functions":{"total":8,"covered":8,"skipped":0,"pct":100},"branches":{"total":72,"covered":64,"skipped":0,"pct":88.89}}
,"/Users/royston/Documents/__PROJECTS/____libs2/packages/string-uglify/dist/string-uglify.esm.js": {"lines":{"total":74,"covered":70,"skipped":0,"pct":94.59},"functions":{"total":8,"covered":8,"skipped":0,"pct":100},"statements":{"total":78,"covered":74,"skipped":0,"pct":94.87},"branches":{"total":72,"covered":64,"skipped":0,"pct":88.89}}
}
