{"total": {"lines":{"total":74,"covered":71,"skipped":0,"pct":95.95},"statements":{"total":78,"covered":75,"skipped":0,"pct":96.15},"functions":{"total":8,"covered":8,"skipped":0,"pct":100},"branches":{"total":72,"covered":65,"skipped":0,"pct":90.28}}
,"/builds/codsen/codsen/packages/string-uglify/dist/string-uglify.esm.js": {"lines":{"total":74,"covered":71,"skipped":0,"pct":95.95},"functions":{"total":8,"covered":8,"skipped":0,"pct":100},"statements":{"total":78,"covered":75,"skipped":0,"pct":96.15},"branches":{"total":72,"covered":65,"skipped":0,"pct":90.28}}
}
