{"total": {"lines":{"total":73,"covered":64,"skipped":0,"pct":87.67},"statements":{"total":74,"covered":65,"skipped":0,"pct":87.84},"functions":{"total":14,"covered":13,"skipped":0,"pct":92.86},"branches":{"total":117,"covered":97,"skipped":0,"pct":82.91}}
,"/Users/royston/Documents/__PROJECTS/____libs2/packages/ranges-push/dist/ranges-push.esm.js": {"lines":{"total":73,"covered":64,"skipped":0,"pct":87.67},"functions":{"total":14,"covered":13,"skipped":0,"pct":92.86},"statements":{"total":74,"covered":65,"skipped":0,"pct":87.84},"branches":{"total":117,"covered":97,"skipped":0,"pct":82.91}}
}
