{"total": {"lines":{"total":18,"covered":14,"skipped":0,"pct":77.78},"statements":{"total":18,"covered":14,"skipped":0,"pct":77.78},"functions":{"total":2,"covered":2,"skipped":0,"pct":100},"branches":{"total":6,"covered":3,"skipped":0,"pct":50}}
,"/Users/royston/Documents/__PROJECTS/____libs2/packages/gulp-email-remove-unused-css/index.js": {"lines":{"total":18,"covered":14,"skipped":0,"pct":77.78},"functions":{"total":2,"covered":2,"skipped":0,"pct":100},"statements":{"total":18,"covered":14,"skipped":0,"pct":77.78},"branches":{"total":6,"covered":3,"skipped":0,"pct":50}}
}
