{"total": {"lines":{"total":75,"covered":69,"skipped":0,"pct":92},"statements":{"total":76,"covered":70,"skipped":0,"pct":92.11},"functions":{"total":10,"covered":10,"skipped":0,"pct":100},"branches":{"total":35,"covered":28,"skipped":0,"pct":80}}
,"/Users/royston/Documents/__PROJECTS/____libs2/packages/email-homey/cli.js": {"lines":{"total":75,"covered":69,"skipped":0,"pct":92},"functions":{"total":10,"covered":10,"skipped":0,"pct":100},"statements":{"total":76,"covered":70,"skipped":0,"pct":92.11},"branches":{"total":35,"covered":28,"skipped":0,"pct":80}}
}
