{"total": {"lines":{"total":33,"covered":33,"skipped":0,"pct":100},"statements":{"total":33,"covered":33,"skipped":0,"pct":100},"functions":{"total":2,"covered":2,"skipped":0,"pct":100},"branches":{"total":22,"covered":22,"skipped":0,"pct":100}}
,"/builds/codsen/codsen/packages/detect-is-it-html-or-xhtml/dist/detect-is-it-html-or-xhtml.esm.js": {"lines":{"total":33,"covered":33,"skipped":0,"pct":100},"functions":{"total":2,"covered":2,"skipped":0,"pct":100},"statements":{"total":33,"covered":33,"skipped":0,"pct":100},"branches":{"total":22,"covered":22,"skipped":0,"pct":100}}
}
