{"total": {"lines":{"total":192,"covered":186,"skipped":0,"pct":96.88},"statements":{"total":201,"covered":195,"skipped":0,"pct":97.01},"functions":{"total":15,"covered":15,"skipped":0,"pct":100},"branches":{"total":285,"covered":280,"skipped":0,"pct":98.25}}
,"/builds/codsen/codsen/packages/string-left-right/dist/string-left-right.esm.js": {"lines":{"total":192,"covered":186,"skipped":0,"pct":96.88},"functions":{"total":15,"covered":15,"skipped":0,"pct":100},"statements":{"total":201,"covered":195,"skipped":0,"pct":97.01},"branches":{"total":285,"covered":280,"skipped":0,"pct":98.25}}
}
