{"total": {"lines":{"total":655,"covered":397,"skipped":0,"pct":60.61},"statements":{"total":661,"covered":402,"skipped":0,"pct":60.82},"functions":{"total":47,"covered":37,"skipped":0,"pct":78.72},"branches":{"total":989,"covered":506,"skipped":0,"pct":51.16}}
,"/Users/royston/Documents/__PROJECTS/____libs2/packages/detergent/dist/detergent.esm.js": {"lines":{"total":540,"covered":297,"skipped":0,"pct":55},"functions":{"total":26,"covered":23,"skipped":0,"pct":88.46},"statements":{"total":546,"covered":302,"skipped":0,"pct":55.31},"branches":{"total":892,"covered":434,"skipped":0,"pct":48.65}}
,"/Users/royston/Documents/__PROJECTS/____libs2/packages/detergent/src/util.js": {"lines":{"total":32,"covered":24,"skipped":0,"pct":75},"functions":{"total":9,"covered":4,"skipped":0,"pct":44.44},"statements":{"total":32,"covered":24,"skipped":0,"pct":75},"branches":{"total":29,"covered":12,"skipped":0,"pct":41.38}}
,"/Users/royston/Documents/__PROJECTS/____libs2/packages/detergent/t-util/util.js": {"lines":{"total":83,"covered":76,"skipped":0,"pct":91.57},"functions":{"total":12,"covered":10,"skipped":0,"pct":83.33},"statements":{"total":83,"covered":76,"skipped":0,"pct":91.57},"branches":{"total":68,"covered":60,"skipped":0,"pct":88.24}}
}
