{"total": {"lines":{"total":284,"covered":269,"skipped":0,"pct":94.72},"statements":{"total":290,"covered":275,"skipped":0,"pct":94.83},"functions":{"total":25,"covered":25,"skipped":0,"pct":100},"branches":{"total":325,"covered":277,"skipped":0,"pct":85.23}}
,"/builds/codsen/codsen/packages/generate-atomic-css/dist/generate-atomic-css.esm.js": {"lines":{"total":284,"covered":269,"skipped":0,"pct":94.72},"functions":{"total":25,"covered":25,"skipped":0,"pct":100},"statements":{"total":290,"covered":275,"skipped":0,"pct":94.83},"branches":{"total":325,"covered":277,"skipped":0,"pct":85.23}}
}
