{"total": {"lines":{"total":313,"covered":313,"skipped":0,"pct":100},"statements":{"total":320,"covered":320,"skipped":0,"pct":100},"functions":{"total":19,"covered":19,"skipped":0,"pct":100},"branches":{"total":441,"covered":441,"skipped":0,"pct":100}}
,"/builds/codsen/codsen/packages/string-strip-html/dist/string-strip-html.esm.js": {"lines":{"total":313,"covered":313,"skipped":0,"pct":100},"functions":{"total":19,"covered":19,"skipped":0,"pct":100},"statements":{"total":320,"covered":320,"skipped":0,"pct":100},"branches":{"total":441,"covered":441,"skipped":0,"pct":100}}
}
