{"total": {"lines":{"total":43,"covered":43,"skipped":0,"pct":100},"statements":{"total":48,"covered":48,"skipped":0,"pct":100},"functions":{"total":6,"covered":6,"skipped":0,"pct":100},"branches":{"total":28,"covered":28,"skipped":0,"pct":100}}
,"/Users/royston/Documents/__PROJECTS/____libs2/packages/ast-monkey-traverse-with-lookahead/dist/ast-monkey-traverse-with-lookahead.esm.js": {"lines":{"total":43,"covered":43,"skipped":0,"pct":100},"functions":{"total":6,"covered":6,"skipped":0,"pct":100},"statements":{"total":48,"covered":48,"skipped":0,"pct":100},"branches":{"total":28,"covered":28,"skipped":0,"pct":100}}
}
