{"total": {"lines":{"total":177,"covered":175,"skipped":0,"pct":98.87},"statements":{"total":188,"covered":186,"skipped":0,"pct":98.94},"functions":{"total":9,"covered":9,"skipped":0,"pct":100},"branches":{"total":150,"covered":136,"skipped":0,"pct":90.67}}
,"/Users/royston/Documents/__PROJECTS/____libs2/packages/csv-sort/dist/csv-sort.esm.js": {"lines":{"total":177,"covered":175,"skipped":0,"pct":98.87},"functions":{"total":9,"covered":9,"skipped":0,"pct":100},"statements":{"total":188,"covered":186,"skipped":0,"pct":98.94},"branches":{"total":150,"covered":136,"skipped":0,"pct":90.67}}
}
