{"total": {"lines":{"total":139,"covered":139,"skipped":0,"pct":100},"statements":{"total":142,"covered":142,"skipped":0,"pct":100},"functions":{"total":13,"covered":13,"skipped":0,"pct":100},"branches":{"total":249,"covered":218,"skipped":0,"pct":87.55}}
,"/Users/royston/Documents/__PROJECTS/____libs2/packages/object-merge-advanced/dist/object-merge-advanced.esm.js": {"lines":{"total":139,"covered":139,"skipped":0,"pct":100},"functions":{"total":13,"covered":13,"skipped":0,"pct":100},"statements":{"total":142,"covered":142,"skipped":0,"pct":100},"branches":{"total":249,"covered":218,"skipped":0,"pct":87.55}}
}
