{"total": {"lines":{"total":59,"covered":58,"skipped":0,"pct":98.31},"statements":{"total":63,"covered":62,"skipped":0,"pct":98.41},"functions":{"total":7,"covered":7,"skipped":0,"pct":100},"branches":{"total":53,"covered":52,"skipped":0,"pct":98.11}}
,"/builds/codsen/codsen/packages/string-find-malformed/dist/string-find-malformed.esm.js": {"lines":{"total":59,"covered":58,"skipped":0,"pct":98.31},"functions":{"total":7,"covered":7,"skipped":0,"pct":100},"statements":{"total":63,"covered":62,"skipped":0,"pct":98.41},"branches":{"total":53,"covered":52,"skipped":0,"pct":98.11}}
}
