{"total": {"lines":{"total":33,"covered":33,"skipped":0,"pct":100},"statements":{"total":33,"covered":33,"skipped":0,"pct":100},"functions":{"total":7,"covered":7,"skipped":0,"pct":100},"branches":{"total":38,"covered":36,"skipped":0,"pct":94.74}}
,"/Users/royston/Documents/__PROJECTS/____libs2/packages/ast-get-object/dist/ast-get-object.esm.js": {"lines":{"total":33,"covered":33,"skipped":0,"pct":100},"functions":{"total":7,"covered":7,"skipped":0,"pct":100},"statements":{"total":33,"covered":33,"skipped":0,"pct":100},"branches":{"total":38,"covered":36,"skipped":0,"pct":94.74}}
}
