{"total": {"lines":{"total":6,"covered":6,"skipped":0,"pct":100},"statements":{"total":351,"covered":326,"skipped":0,"pct":92.88},"functions":{"total":43,"covered":41,"skipped":0,"pct":95.35},"branches":{"total":1565,"covered":1471,"skipped":0,"pct":93.99}}
,"/Users/royston/Documents/__PROJECTS/____libs2/packages/codsen-tokenizer/dist/codsen-tokenizer.esm.js": {"lines":{"total":6,"covered":6,"skipped":0,"pct":100},"functions":{"total":43,"covered":41,"skipped":0,"pct":95.35},"statements":{"total":351,"covered":326,"skipped":0,"pct":92.88},"branches":{"total":1565,"covered":1471,"skipped":0,"pct":93.99}}
}
