{"total": {"lines":{"total":2663,"covered":2663,"skipped":0,"pct":100},"statements":{"total":2663,"covered":2663,"skipped":0,"pct":100},"functions":{"total":1,"covered":1,"skipped":0,"pct":100},"branches":{"total":8,"covered":8,"skipped":0,"pct":100}}
,"/builds/codsen/codsen/packages/all-named-html-entities/dist/all-named-html-entities.esm.js": {"lines":{"total":2663,"covered":2663,"skipped":0,"pct":100},"functions":{"total":1,"covered":1,"skipped":0,"pct":100},"statements":{"total":2663,"covered":2663,"skipped":0,"pct":100},"branches":{"total":8,"covered":8,"skipped":0,"pct":100}}
}
