{"total": {"lines":{"total":54,"covered":54,"skipped":0,"pct":100},"statements":{"total":55,"covered":55,"skipped":0,"pct":100},"functions":{"total":1,"covered":1,"skipped":0,"pct":100},"branches":{"total":80,"covered":80,"skipped":0,"pct":100}}
,"/builds/codsen/codsen/packages/string-extract-sass-vars/dist/string-extract-sass-vars.esm.js": {"lines":{"total":54,"covered":54,"skipped":0,"pct":100},"functions":{"total":1,"covered":1,"skipped":0,"pct":100},"statements":{"total":55,"covered":55,"skipped":0,"pct":100},"branches":{"total":80,"covered":80,"skipped":0,"pct":100}}
}
