{"total": {"lines":{"total":27,"covered":26,"skipped":0,"pct":96.3},"statements":{"total":28,"covered":27,"skipped":0,"pct":96.43},"functions":{"total":3,"covered":3,"skipped":0,"pct":100},"branches":{"total":32,"covered":31,"skipped":0,"pct":96.88}}
,"/builds/codsen/codsen/packages/ast-monkey-util/dist/ast-monkey-util.esm.js": {"lines":{"total":27,"covered":26,"skipped":0,"pct":96.3},"functions":{"total":3,"covered":3,"skipped":0,"pct":100},"statements":{"total":28,"covered":27,"skipped":0,"pct":96.43},"branches":{"total":32,"covered":31,"skipped":0,"pct":96.88}}
}
