{"total": {"lines":{"total":43,"covered":43,"skipped":0,"pct":100},"statements":{"total":45,"covered":45,"skipped":0,"pct":100},"functions":{"total":4,"covered":4,"skipped":0,"pct":100},"branches":{"total":49,"covered":49,"skipped":0,"pct":100}}
,"/builds/codsen/codsen/packages/array-of-arrays-sort-by-col/dist/array-of-arrays-sort-by-col.esm.js": {"lines":{"total":43,"covered":43,"skipped":0,"pct":100},"functions":{"total":4,"covered":4,"skipped":0,"pct":100},"statements":{"total":45,"covered":45,"skipped":0,"pct":100},"branches":{"total":49,"covered":49,"skipped":0,"pct":100}}
}
