{"total": {"lines":{"total":32,"covered":32,"skipped":0,"pct":100},"statements":{"total":33,"covered":33,"skipped":0,"pct":100},"functions":{"total":9,"covered":9,"skipped":0,"pct":100},"branches":{"total":24,"covered":24,"skipped":0,"pct":100}}
,"/Users/royston/Documents/__PROJECTS/____libs2/packages/array-includes-with-glob/dist/array-includes-with-glob.esm.js": {"lines":{"total":32,"covered":32,"skipped":0,"pct":100},"functions":{"total":9,"covered":9,"skipped":0,"pct":100},"statements":{"total":33,"covered":33,"skipped":0,"pct":100},"branches":{"total":24,"covered":24,"skipped":0,"pct":100}}
}
