{"total": {"lines":{"total":183,"covered":177,"skipped":0,"pct":96.72},"statements":{"total":187,"covered":181,"skipped":0,"pct":96.79},"functions":{"total":29,"covered":29,"skipped":0,"pct":100},"branches":{"total":258,"covered":228,"skipped":0,"pct":88.37}}
,"/Users/royston/Documents/__PROJECTS/____libs2/packages/object-flatten-referencing/dist/object-flatten-referencing.esm.js": {"lines":{"total":128,"covered":122,"skipped":0,"pct":95.31},"functions":{"total":20,"covered":20,"skipped":0,"pct":100},"statements":{"total":130,"covered":124,"skipped":0,"pct":95.38},"branches":{"total":179,"covered":157,"skipped":0,"pct":87.71}}
,"/Users/royston/Documents/__PROJECTS/____libs2/packages/object-flatten-referencing/src/util.js": {"lines":{"total":55,"covered":55,"skipped":0,"pct":100},"functions":{"total":9,"covered":9,"skipped":0,"pct":100},"statements":{"total":57,"covered":57,"skipped":0,"pct":100},"branches":{"total":79,"covered":71,"skipped":0,"pct":89.87}}
}
