{"total": {"lines":{"total":41,"covered":39,"skipped":0,"pct":95.12},"statements":{"total":41,"covered":39,"skipped":0,"pct":95.12},"functions":{"total":3,"covered":3,"skipped":0,"pct":100},"branches":{"total":53,"covered":51,"skipped":0,"pct":96.23}}
,"/builds/codsen/codsen/packages/is-html-tag-opening/dist/is-html-tag-opening.esm.js": {"lines":{"total":41,"covered":39,"skipped":0,"pct":95.12},"functions":{"total":3,"covered":3,"skipped":0,"pct":100},"statements":{"total":41,"covered":39,"skipped":0,"pct":95.12},"branches":{"total":53,"covered":51,"skipped":0,"pct":96.23}}
}
