{"total": {"lines":{"total":72,"covered":68,"skipped":0,"pct":94.44},"statements":{"total":73,"covered":69,"skipped":0,"pct":94.52},"functions":{"total":3,"covered":2,"skipped":0,"pct":66.67},"branches":{"total":119,"covered":110,"skipped":0,"pct":92.44}}
,"/Users/royston/Documents/__PROJECTS/____libs2/packages/string-process-comma-separated/dist/string-process-comma-separated.esm.js": {"lines":{"total":72,"covered":68,"skipped":0,"pct":94.44},"functions":{"total":3,"covered":2,"skipped":0,"pct":66.67},"statements":{"total":73,"covered":69,"skipped":0,"pct":94.52},"branches":{"total":119,"covered":110,"skipped":0,"pct":92.44}}
}
