{"total": {"lines":{"total":2490,"covered":371,"skipped":0,"pct":14.9},"statements":{"total":2778,"covered":376,"skipped":0,"pct":13.53},"functions":{"total":1002,"covered":27,"skipped":0,"pct":2.69},"branches":{"total":2061,"covered":63,"skipped":0,"pct":3.06}}
,"/Users/royston/Documents/__PROJECTS/____libs2/packages/emlint/dist/emlint.esm.js": {"lines":{"total":2484,"covered":367,"skipped":0,"pct":14.77},"functions":{"total":1000,"covered":25,"skipped":0,"pct":2.5},"statements":{"total":2772,"covered":372,"skipped":0,"pct":13.42},"branches":{"total":2053,"covered":57,"skipped":0,"pct":2.78}}
,"/Users/royston/Documents/__PROJECTS/____libs2/packages/emlint/t-util/util.js": {"lines":{"total":6,"covered":4,"skipped":0,"pct":66.67},"functions":{"total":2,"covered":2,"skipped":0,"pct":100},"statements":{"total":6,"covered":4,"skipped":0,"pct":66.67},"branches":{"total":8,"covered":6,"skipped":0,"pct":75}}
}
