{"total": {"lines":{"total":2848,"covered":2614,"skipped":0,"pct":91.78},"statements":{"total":2891,"covered":2647,"skipped":0,"pct":91.56},"functions":{"total":1020,"covered":991,"skipped":0,"pct":97.16},"branches":{"total":1944,"covered":1716,"skipped":0,"pct":88.27}}
,"/Users/royston/Documents/__PROJECTS/____libs2/packages/emlint/dist/emlint.esm.js": {"lines":{"total":2825,"covered":2591,"skipped":0,"pct":91.72},"functions":{"total":1017,"covered":988,"skipped":0,"pct":97.15},"statements":{"total":2867,"covered":2623,"skipped":0,"pct":91.49},"branches":{"total":1908,"covered":1682,"skipped":0,"pct":88.16}}
,"/Users/royston/Documents/__PROJECTS/____libs2/packages/emlint/src/util/splitByWhitespace.js": {"lines":{"total":17,"covered":17,"skipped":0,"pct":100},"functions":{"total":1,"covered":1,"skipped":0,"pct":100},"statements":{"total":18,"covered":18,"skipped":0,"pct":100},"branches":{"total":28,"covered":26,"skipped":0,"pct":92.86}}
,"/Users/royston/Documents/__PROJECTS/____libs2/packages/emlint/t-util/util.js": {"lines":{"total":6,"covered":6,"skipped":0,"pct":100},"functions":{"total":2,"covered":2,"skipped":0,"pct":100},"statements":{"total":6,"covered":6,"skipped":0,"pct":100},"branches":{"total":8,"covered":8,"skipped":0,"pct":100}}
}
