{"total": {"lines":{"total":118,"covered":118,"skipped":0,"pct":100},"statements":{"total":124,"covered":124,"skipped":0,"pct":100},"functions":{"total":16,"covered":16,"skipped":0,"pct":100},"branches":{"total":86,"covered":84,"skipped":0,"pct":97.67}}
,"/Users/royston/Documents/__PROJECTS/____libs2/packages/string-remove-duplicate-heads-tails/dist/string-remove-duplicate-heads-tails.esm.js": {"lines":{"total":118,"covered":118,"skipped":0,"pct":100},"functions":{"total":16,"covered":16,"skipped":0,"pct":100},"statements":{"total":124,"covered":124,"skipped":0,"pct":100},"branches":{"total":86,"covered":84,"skipped":0,"pct":97.67}}
}
