{"total": {"lines":{"total":74,"covered":68,"skipped":0,"pct":91.89},"statements":{"total":76,"covered":70,"skipped":0,"pct":92.11},"functions":{"total":9,"covered":9,"skipped":0,"pct":100},"branches":{"total":67,"covered":61,"skipped":0,"pct":91.04}}
,"/Users/royston/Documents/__PROJECTS/____libs2/packages/tap-parse-string-to-object/dist/tap-parse-string-to-object.esm.js": {"lines":{"total":74,"covered":68,"skipped":0,"pct":91.89},"functions":{"total":9,"covered":9,"skipped":0,"pct":100},"statements":{"total":76,"covered":70,"skipped":0,"pct":92.11},"branches":{"total":67,"covered":61,"skipped":0,"pct":91.04}}
}
