{"total": {"lines":{"total":19,"covered":18,"skipped":0,"pct":94.74},"statements":{"total":19,"covered":18,"skipped":0,"pct":94.74},"functions":{"total":1,"covered":1,"skipped":0,"pct":100},"branches":{"total":20,"covered":19,"skipped":0,"pct":95}}
,"/builds/codsen/codsen/packages/ranges-regex/dist/ranges-regex.esm.js": {"lines":{"total":19,"covered":18,"skipped":0,"pct":94.74},"functions":{"total":1,"covered":1,"skipped":0,"pct":100},"statements":{"total":19,"covered":18,"skipped":0,"pct":94.74},"branches":{"total":20,"covered":19,"skipped":0,"pct":95}}
}
