{"total": {"lines":{"total":123,"covered":106,"skipped":0,"pct":86.18},"statements":{"total":123,"covered":106,"skipped":0,"pct":86.18},"functions":{"total":12,"covered":12,"skipped":0,"pct":100},"branches":{"total":146,"covered":133,"skipped":0,"pct":91.1}}
,"/Users/royston/Documents/__PROJECTS/____libs2/packages/ast-monkey/dist/ast-monkey.esm.js": {"lines":{"total":123,"covered":106,"skipped":0,"pct":86.18},"functions":{"total":12,"covered":12,"skipped":0,"pct":100},"statements":{"total":123,"covered":106,"skipped":0,"pct":86.18},"branches":{"total":146,"covered":133,"skipped":0,"pct":91.1}}
}
