{"total": {"lines":{"total":123,"covered":119,"skipped":0,"pct":96.75},"statements":{"total":123,"covered":119,"skipped":0,"pct":96.75},"functions":{"total":12,"covered":12,"skipped":0,"pct":100},"branches":{"total":146,"covered":142,"skipped":0,"pct":97.26}}
,"/builds/codsen/codsen/packages/ast-monkey/dist/ast-monkey.esm.js": {"lines":{"total":123,"covered":119,"skipped":0,"pct":96.75},"functions":{"total":12,"covered":12,"skipped":0,"pct":100},"statements":{"total":123,"covered":119,"skipped":0,"pct":96.75},"branches":{"total":146,"covered":142,"skipped":0,"pct":97.26}}
}
