{"total": {"lines":{"total":83,"covered":70,"skipped":0,"pct":84.34},"statements":{"total":87,"covered":74,"skipped":0,"pct":85.06},"functions":{"total":0,"covered":0,"skipped":0,"pct":100},"branches":{"total":45,"covered":34,"skipped":0,"pct":75.56}}
,"/builds/codsen/codsen/packages/lerna-link-dep/cli.js": {"lines":{"total":83,"covered":70,"skipped":0,"pct":84.34},"functions":{"total":0,"covered":0,"skipped":0,"pct":100},"statements":{"total":87,"covered":74,"skipped":0,"pct":85.06},"branches":{"total":45,"covered":34,"skipped":0,"pct":75.56}}
}
