{"total": {"lines":{"total":35,"covered":34,"skipped":0,"pct":97.14},"statements":{"total":37,"covered":36,"skipped":0,"pct":97.3},"functions":{"total":6,"covered":6,"skipped":0,"pct":100},"branches":{"total":43,"covered":42,"skipped":0,"pct":97.67}}
,"/builds/codsen/codsen/packages/object-no-new-keys/dist/object-no-new-keys.esm.js": {"lines":{"total":35,"covered":34,"skipped":0,"pct":97.14},"functions":{"total":6,"covered":6,"skipped":0,"pct":100},"statements":{"total":37,"covered":36,"skipped":0,"pct":97.3},"branches":{"total":43,"covered":42,"skipped":0,"pct":97.67}}
}
