{"total": {"lines":{"total":109,"covered":109,"skipped":0,"pct":100},"statements":{"total":111,"covered":111,"skipped":0,"pct":100},"functions":{"total":18,"covered":18,"skipped":0,"pct":100},"branches":{"total":135,"covered":133,"skipped":0,"pct":98.52}}
,"/Users/royston/Documents/__PROJECTS/____libs2/packages/check-types-mini/dist/check-types-mini.esm.js": {"lines":{"total":109,"covered":109,"skipped":0,"pct":100},"functions":{"total":18,"covered":18,"skipped":0,"pct":100},"statements":{"total":111,"covered":111,"skipped":0,"pct":100},"branches":{"total":135,"covered":133,"skipped":0,"pct":98.52}}
}
