{"total": {"lines":{"total":230,"covered":226,"skipped":0,"pct":98.26},"statements":{"total":243,"covered":239,"skipped":0,"pct":98.35},"functions":{"total":26,"covered":26,"skipped":0,"pct":100},"branches":{"total":327,"covered":324,"skipped":0,"pct":99.08}}
,"/Users/royston/Documents/__PROJECTS/____libs2/packages/string-fix-broken-named-entities/dist/string-fix-broken-named-entities.esm.js": {"lines":{"total":230,"covered":226,"skipped":0,"pct":98.26},"functions":{"total":26,"covered":26,"skipped":0,"pct":100},"statements":{"total":243,"covered":239,"skipped":0,"pct":98.35},"branches":{"total":327,"covered":324,"skipped":0,"pct":99.08}}
}
