{"total": {"lines":{"total":56,"covered":56,"skipped":0,"pct":100},"statements":{"total":56,"covered":56,"skipped":0,"pct":100},"functions":{"total":4,"covered":4,"skipped":0,"pct":100},"branches":{"total":84,"covered":81,"skipped":0,"pct":96.43}}
,"/Users/royston/Documents/__PROJECTS/____libs2/packages/ast-loose-compare/dist/ast-loose-compare.esm.js": {"lines":{"total":56,"covered":56,"skipped":0,"pct":100},"functions":{"total":4,"covered":4,"skipped":0,"pct":100},"statements":{"total":56,"covered":56,"skipped":0,"pct":100},"branches":{"total":84,"covered":81,"skipped":0,"pct":96.43}}
}
