{"total": {"lines":{"total":149,"covered":143,"skipped":0,"pct":95.97},"statements":{"total":149,"covered":143,"skipped":0,"pct":95.97},"functions":{"total":8,"covered":8,"skipped":0,"pct":100},"branches":{"total":223,"covered":207,"skipped":0,"pct":92.83}}
,"/Users/royston/Documents/__PROJECTS/____libs2/packages/codsen-parser/dist/codsen-parser.esm.js": {"lines":{"total":149,"covered":143,"skipped":0,"pct":95.97},"functions":{"total":8,"covered":8,"skipped":0,"pct":100},"statements":{"total":149,"covered":143,"skipped":0,"pct":95.97},"branches":{"total":223,"covered":207,"skipped":0,"pct":92.83}}
}
