{"total": {"lines":{"total":238,"covered":92,"skipped":0,"pct":38.66},"statements":{"total":238,"covered":92,"skipped":0,"pct":38.66},"functions":{"total":8,"covered":5,"skipped":0,"pct":62.5},"branches":{"total":254,"covered":74,"skipped":0,"pct":29.13}}
,"/Users/royston/Documents/__PROJECTS/____libs2/packages/codsen-parser/dist/codsen-parser.esm.js": {"lines":{"total":238,"covered":92,"skipped":0,"pct":38.66},"functions":{"total":8,"covered":5,"skipped":0,"pct":62.5},"statements":{"total":238,"covered":92,"skipped":0,"pct":38.66},"branches":{"total":254,"covered":74,"skipped":0,"pct":29.13}}
}
