{"total": {"lines":{"total":224,"covered":204,"skipped":0,"pct":91.07},"statements":{"total":226,"covered":206,"skipped":0,"pct":91.15},"functions":{"total":14,"covered":14,"skipped":0,"pct":100},"branches":{"total":299,"covered":263,"skipped":0,"pct":87.96}}
,"/Users/royston/Documents/__PROJECTS/____libs2/packages/string-remove-widows/dist/string-remove-widows.esm.js": {"lines":{"total":208,"covered":188,"skipped":0,"pct":90.38},"functions":{"total":14,"covered":14,"skipped":0,"pct":100},"statements":{"total":210,"covered":190,"skipped":0,"pct":90.48},"branches":{"total":299,"covered":263,"skipped":0,"pct":87.96}}
,"/Users/royston/Documents/__PROJECTS/____libs2/packages/string-remove-widows/src/util.js": {"lines":{"total":16,"covered":16,"skipped":0,"pct":100},"functions":{"total":0,"covered":0,"skipped":0,"pct":100},"statements":{"total":16,"covered":16,"skipped":0,"pct":100},"branches":{"total":0,"covered":0,"skipped":0,"pct":100}}
}
