{"total": {"lines":{"total":222,"covered":183,"skipped":0,"pct":82.43},"statements":{"total":226,"covered":187,"skipped":0,"pct":82.74},"functions":{"total":15,"covered":15,"skipped":0,"pct":100},"branches":{"total":293,"covered":222,"skipped":0,"pct":75.77}}
,"/Users/royston/Documents/__PROJECTS/____libs2/packages/string-remove-widows/dist/string-remove-widows.esm.js": {"lines":{"total":206,"covered":167,"skipped":0,"pct":81.07},"functions":{"total":15,"covered":15,"skipped":0,"pct":100},"statements":{"total":210,"covered":171,"skipped":0,"pct":81.43},"branches":{"total":293,"covered":222,"skipped":0,"pct":75.77}}
,"/Users/royston/Documents/__PROJECTS/____libs2/packages/string-remove-widows/src/util.ts": {"lines":{"total":16,"covered":16,"skipped":0,"pct":100},"functions":{"total":0,"covered":0,"skipped":0,"pct":100},"statements":{"total":16,"covered":16,"skipped":0,"pct":100},"branches":{"total":0,"covered":0,"skipped":0,"pct":100}}
}
