{"total": {"lines":{"total":52,"covered":52,"skipped":0,"pct":100},"statements":{"total":54,"covered":54,"skipped":0,"pct":100},"functions":{"total":1,"covered":1,"skipped":0,"pct":100},"branches":{"total":60,"covered":60,"skipped":0,"pct":100}}
,"/Users/royston/Documents/__PROJECTS/____libs2/packages/string-remove-thousand-separators/dist/string-remove-thousand-separators.esm.js": {"lines":{"total":52,"covered":52,"skipped":0,"pct":100},"functions":{"total":1,"covered":1,"skipped":0,"pct":100},"statements":{"total":54,"covered":54,"skipped":0,"pct":100},"branches":{"total":60,"covered":60,"skipped":0,"pct":100}}
}
