{"total": {"lines":{"total":337,"covered":310,"skipped":0,"pct":91.99},"statements":{"total":342,"covered":315,"skipped":0,"pct":92.11},"functions":{"total":10,"covered":10,"skipped":0,"pct":100},"branches":{"total":593,"covered":544,"skipped":0,"pct":91.74}}
,"/Users/royston/Documents/__PROJECTS/____libs2/packages/html-crush/dist/html-crush.esm.js": {"lines":{"total":337,"covered":310,"skipped":0,"pct":91.99},"functions":{"total":10,"covered":10,"skipped":0,"pct":100},"statements":{"total":342,"covered":315,"skipped":0,"pct":92.11},"branches":{"total":593,"covered":544,"skipped":0,"pct":91.74}}
}
