{"total": {"lines":{"total":56,"covered":56,"skipped":0,"pct":100},"statements":{"total":56,"covered":56,"skipped":0,"pct":100},"functions":{"total":6,"covered":6,"skipped":0,"pct":100},"branches":{"total":48,"covered":48,"skipped":0,"pct":100}}
,"/Users/royston/Documents/__PROJECTS/____libs2/packages/ranges-apply/dist/ranges-apply.esm.js": {"lines":{"total":56,"covered":56,"skipped":0,"pct":100},"functions":{"total":6,"covered":6,"skipped":0,"pct":100},"statements":{"total":56,"covered":56,"skipped":0,"pct":100},"branches":{"total":48,"covered":48,"skipped":0,"pct":100}}
}
