{"total": {"lines":{"total":160,"covered":151,"skipped":0,"pct":94.38},"statements":{"total":164,"covered":155,"skipped":0,"pct":94.51},"functions":{"total":38,"covered":38,"skipped":0,"pct":100},"branches":{"total":140,"covered":129,"skipped":0,"pct":92.14}}
,"/builds/codsen/codsen/packages/json-comb-core/dist/json-comb-core.esm.js": {"lines":{"total":160,"covered":151,"skipped":0,"pct":94.38},"functions":{"total":38,"covered":38,"skipped":0,"pct":100},"statements":{"total":164,"covered":155,"skipped":0,"pct":94.51},"branches":{"total":140,"covered":129,"skipped":0,"pct":92.14}}
}
