{"total": {"lines":{"total":31,"covered":31,"skipped":0,"pct":100},"statements":{"total":31,"covered":31,"skipped":0,"pct":100},"functions":{"total":7,"covered":7,"skipped":0,"pct":100},"branches":{"total":30,"covered":30,"skipped":0,"pct":100}}
,"/builds/codsen/codsen/packages/ranges-crop/dist/ranges-crop.esm.js": {"lines":{"total":31,"covered":31,"skipped":0,"pct":100},"functions":{"total":7,"covered":7,"skipped":0,"pct":100},"statements":{"total":31,"covered":31,"skipped":0,"pct":100},"branches":{"total":30,"covered":30,"skipped":0,"pct":100}}
}
