{"total": {"lines":{"total":371,"covered":325,"skipped":0,"pct":87.6},"statements":{"total":402,"covered":354,"skipped":0,"pct":88.06},"functions":{"total":46,"covered":43,"skipped":0,"pct":93.48},"branches":{"total":358,"covered":307,"skipped":0,"pct":85.75}}
,"/builds/codsen/codsen/packages/chlu/dist/chlu.esm.js": {"lines":{"total":256,"covered":229,"skipped":0,"pct":89.45},"functions":{"total":31,"covered":31,"skipped":0,"pct":100},"statements":{"total":279,"covered":252,"skipped":0,"pct":90.32},"branches":{"total":242,"covered":204,"skipped":0,"pct":84.3}}
,"/builds/codsen/codsen/packages/chlu/src/util.js": {"lines":{"total":115,"covered":96,"skipped":0,"pct":83.48},"functions":{"total":15,"covered":12,"skipped":0,"pct":80},"statements":{"total":123,"covered":102,"skipped":0,"pct":82.93},"branches":{"total":116,"covered":103,"skipped":0,"pct":88.79}}
}
