{"total": {"lines":{"total":121,"covered":101,"skipped":0,"pct":83.47},"statements":{"total":126,"covered":106,"skipped":0,"pct":84.13},"functions":{"total":17,"covered":14,"skipped":0,"pct":82.35},"branches":{"total":61,"covered":40,"skipped":0,"pct":65.57}}
,"/builds/codsen/codsen/packages/update-versions/cli.js": {"lines":{"total":121,"covered":101,"skipped":0,"pct":83.47},"functions":{"total":17,"covered":14,"skipped":0,"pct":82.35},"statements":{"total":126,"covered":106,"skipped":0,"pct":84.13},"branches":{"total":61,"covered":40,"skipped":0,"pct":65.57}}
}
