{"total": {"lines":{"total":49,"covered":41,"skipped":0,"pct":83.67},"statements":{"total":51,"covered":43,"skipped":0,"pct":84.31},"functions":{"total":18,"covered":16,"skipped":0,"pct":88.89},"branches":{"total":33,"covered":25,"skipped":0,"pct":75.76}}
,"/builds/codsen/codsen/packages/js-row-num-cli/cli.js": {"lines":{"total":49,"covered":41,"skipped":0,"pct":83.67},"functions":{"total":18,"covered":16,"skipped":0,"pct":88.89},"statements":{"total":51,"covered":43,"skipped":0,"pct":84.31},"branches":{"total":33,"covered":25,"skipped":0,"pct":75.76}}
}
