{"total": {"lines":{"total":58,"covered":54,"skipped":0,"pct":93.1},"statements":{"total":59,"covered":55,"skipped":0,"pct":93.22},"functions":{"total":3,"covered":3,"skipped":0,"pct":100},"branches":{"total":71,"covered":65,"skipped":0,"pct":91.55}}
,"/Users/royston/Documents/__PROJECTS/____libs2/packages/is-relative-uri/dist/is-relative-uri.esm.js": {"lines":{"total":58,"covered":54,"skipped":0,"pct":93.1},"functions":{"total":3,"covered":3,"skipped":0,"pct":100},"statements":{"total":59,"covered":55,"skipped":0,"pct":93.22},"branches":{"total":71,"covered":65,"skipped":0,"pct":91.55}}
}
