{"total": {"lines":{"total":54,"covered":54,"skipped":0,"pct":100},"statements":{"total":55,"covered":55,"skipped":0,"pct":100},"functions":{"total":6,"covered":6,"skipped":0,"pct":100},"branches":{"total":71,"covered":71,"skipped":0,"pct":100}}
,"/builds/codsen/codsen/packages/ranges-merge/dist/ranges-merge.esm.js": {"lines":{"total":54,"covered":54,"skipped":0,"pct":100},"functions":{"total":6,"covered":6,"skipped":0,"pct":100},"statements":{"total":55,"covered":55,"skipped":0,"pct":100},"branches":{"total":71,"covered":71,"skipped":0,"pct":100}}
}
