{"total": {"lines":{"total":60,"covered":57,"skipped":0,"pct":95},"statements":{"total":71,"covered":68,"skipped":0,"pct":95.77},"functions":{"total":15,"covered":15,"skipped":0,"pct":100},"branches":{"total":39,"covered":36,"skipped":0,"pct":92.31}}
,"/Users/royston/Documents/__PROJECTS/____libs2/packages/ast-deep-contains/dist/ast-deep-contains.esm.js": {"lines":{"total":60,"covered":57,"skipped":0,"pct":95},"functions":{"total":15,"covered":15,"skipped":0,"pct":100},"statements":{"total":71,"covered":68,"skipped":0,"pct":95.77},"branches":{"total":39,"covered":36,"skipped":0,"pct":92.31}}
}
